[ 2014-02-25T10:31:02+08:00 ] ERR: (ThinkException) 非法操作:images1
[ 2014-02-25T10:31:02+08:00 ] ERR: (ThinkException) 非法操作:images1
[ 2014-02-25T10:31:02+08:00 ] ERR: (ThinkException) 非法操作:images1
[ 2014-02-25T10:32:20+08:00 ] ERR: (ThinkException) 非法操作:images1
[ 2014-02-25T10:32:20+08:00 ] ERR: (ThinkException) 非法操作:images1
[ 2014-02-25T10:33:00+08:00 ] ERR: (ThinkException) 非法操作:Index
[ 2014-02-25T10:33:01+08:00 ] ERR: (ThinkException) 非法操作:images1
[ 2014-02-25T10:33:01+08:00 ] ERR: (ThinkException) 非法操作:images1
[ 2014-02-25T10:34:54+08:00 ] ERR: (ThinkException) 非法操作:images1
[ 2014-02-25T10:34:54+08:00 ] ERR: (ThinkException) 非法操作:images1
[ 2014-02-25T10:35:40+08:00 ] ERR: (ThinkException) 非法操作:images1
[ 2014-02-25T10:35:40+08:00 ] ERR: (ThinkException) 非法操作:images1
[ 2014-02-25T10:36:24+08:00 ] ERR: (ThinkException) 非法操作:images1
[ 2014-02-25T10:36:24+08:00 ] ERR: (ThinkException) 非法操作:images1
[ 2014-02-25T10:40:17+08:00 ] ERR: (ThinkException) 非法操作:images1
[ 2014-02-25T10:40:17+08:00 ] ERR: (ThinkException) 非法操作:images1
[ 2014-02-25T10:40:56+08:00 ] ERR: (ThinkException) 非法操作:images1
[ 2014-02-25T10:40:56+08:00 ] ERR: (ThinkException) 非法操作:images1
[ 2014-02-25T10:41:08+08:00 ] ERR: (ThinkException) 非法操作:images1
[ 2014-02-25T10:41:08+08:00 ] ERR: (ThinkException) 非法操作:images1
[ 2014-02-25T10:44:14+08:00 ] ERR: (ThinkException) 非法操作:images1
[ 2014-02-25T10:44:14+08:00 ] ERR: (ThinkException) 非法操作:images1
[ 2014-02-25T10:44:48+08:00 ] ERR: (ThinkException) 非法操作:images1
[ 2014-02-25T10:44:48+08:00 ] ERR: (ThinkException) 非法操作:images1
[ 2014-02-25T10:53:41+08:00 ] ERR: (ThinkException) 非法操作:images1
[ 2014-02-25T10:53:41+08:00 ] ERR: (ThinkException) 非法操作:images1
[ 2014-02-25T10:54:48+08:00 ] ERR: (ThinkException) 非法操作:images1
[ 2014-02-25T10:54:48+08:00 ] ERR: (ThinkException) 非法操作:images1
[ 2014-02-25T10:56:12+08:00 ] ERR: (ThinkException) 非法操作:images1
[ 2014-02-25T10:56:12+08:00 ] ERR: (ThinkException) 非法操作:images1
[ 2014-02-25T10:56:59+08:00 ] ERR: (ThinkException) 非法操作:images1
[ 2014-02-25T10:56:59+08:00 ] ERR: (ThinkException) 非法操作:images1
[ 2014-02-25T10:57:07+08:00 ] ERR: (ThinkException) 非法操作:images1
[ 2014-02-25T10:57:07+08:00 ] ERR: (ThinkException) 非法操作:images1
[ 2014-02-25T10:57:23+08:00 ] ERR: (ThinkException) 非法操作:mdify_user
[ 2014-02-25T10:57:24+08:00 ] ERR: (ThinkException) 非法操作:images1
[ 2014-02-25T10:57:24+08:00 ] ERR: (ThinkException) 非法操作:images1
[ 2014-02-25T10:59:40+08:00 ] ERR: (ThinkException) 非法操作:images1
[ 2014-02-25T10:59:40+08:00 ] ERR: (ThinkException) 非法操作:images1
[ 2014-02-25T10:59:42+08:00 ] ERR: (ThinkException) 非法操作:images1
[ 2014-02-25T10:59:42+08:00 ] ERR: (ThinkException) 非法操作:images1
[ 2014-02-25T11:03:55+08:00 ] ERR: (ThinkException) 非法操作:images1
[ 2014-02-25T11:03:55+08:00 ] ERR: (ThinkException) 非法操作:images1
[ 2014-02-25T11:04:15+08:00 ] ERR: (ThinkException) 非法操作:images1
[ 2014-02-25T11:04:15+08:00 ] ERR: (ThinkException) 非法操作:images1
[ 2014-02-25T11:08:35+08:00 ] ERR: (ThinkException) 非法操作:images1
[ 2014-02-25T11:08:35+08:00 ] ERR: (ThinkException) 非法操作:images1
[ 2014-02-25T11:08:38+08:00 ] ERR: (ThinkException) 非法操作:images1
[ 2014-02-25T11:08:38+08:00 ] ERR: (ThinkException) 非法操作:images1
[ 2014-02-25T11:08:39+08:00 ] ERR: (ThinkException) 非法操作:images1
[ 2014-02-25T11:08:39+08:00 ] ERR: (ThinkException) 非法操作:images1
[ 2014-02-25T11:08:39+08:00 ] ERR: (ThinkException) 非法操作:images1
[ 2014-02-25T11:08:39+08:00 ] ERR: (ThinkException) 非法操作:images1
[ 2014-02-25T11:09:13+08:00 ] ERR: (ThinkException) 非法操作:images1
[ 2014-02-25T11:09:13+08:00 ] ERR: (ThinkException) 非法操作:images1
[ 2014-02-25T11:09:16+08:00 ] ERR: (ThinkException) 非法操作:images1
[ 2014-02-25T11:09:16+08:00 ] ERR: (ThinkException) 非法操作:images1
[ 2014-02-25T11:09:16+08:00 ] ERR: (ThinkException) 非法操作:images1
[ 2014-02-25T11:09:16+08:00 ] ERR: (ThinkException) 非法操作:images1
[ 2014-02-25T11:17:59+08:00 ] ERR: (ThinkException) 非法操作:images1
[ 2014-02-25T11:17:59+08:00 ] ERR: (ThinkException) 非法操作:images1
[ 2014-02-25T11:19:38+08:00 ] ERR: (ThinkException) 非法操作:images1
[ 2014-02-25T11:19:38+08:00 ] ERR: (ThinkException) 非法操作:images1
[ 2014-02-25T11:19:41+08:00 ] ERR: (ThinkException) 非法操作:images1
[ 2014-02-25T11:19:41+08:00 ] ERR: (ThinkException) 非法操作:images1
[ 2014-02-25T11:19:41+08:00 ] ERR: (ThinkException) 非法操作:images1
[ 2014-02-25T11:19:41+08:00 ] ERR: (ThinkException) 非法操作:images1
[ 2014-02-25T11:19:41+08:00 ] ERR: (ThinkException) 非法操作:images1
[ 2014-02-25T11:19:41+08:00 ] ERR: (ThinkException) 非法操作:images1
[ 2014-02-25T11:25:30+08:00 ] ERR: (ThinkException) 非法操作:images1
[ 2014-02-25T11:25:30+08:00 ] ERR: (ThinkException) 非法操作:images1
[ 2014-02-25T11:26:06+08:00 ] ERR: (ThinkException) 非法操作:images1
[ 2014-02-25T11:26:06+08:00 ] ERR: (ThinkException) 非法操作:images1
[ 2014-02-25T11:28:34+08:00 ] ERR: (ThinkException) 非法操作:images1
[ 2014-02-25T11:28:34+08:00 ] ERR: (ThinkException) 非法操作:images1
[ 2014-02-25T11:28:35+08:00 ] ERR: (ThinkException) 非法操作:images1
[ 2014-02-25T11:28:35+08:00 ] ERR: (ThinkException) 非法操作:images1
[ 2014-02-25T11:28:36+08:00 ] ERR: (ThinkException) 非法操作:images1
[ 2014-02-25T11:28:36+08:00 ] ERR: (ThinkException) 非法操作:images1
[ 2014-02-25T11:28:51+08:00 ] ERR: (ThinkException) 非法操作:images1
[ 2014-02-25T11:28:51+08:00 ] ERR: (ThinkException) 非法操作:images1
[ 2014-02-25T11:45:51+08:00 ] ERR: (ThinkException) 非法操作:images1
[ 2014-02-25T11:45:51+08:00 ] ERR: (ThinkException) 非法操作:images1
[ 2014-02-25T11:45:53+08:00 ] ERR: (ThinkException) 非法操作:images1
[ 2014-02-25T11:45:53+08:00 ] ERR: (ThinkException) 非法操作:images1
[ 2014-02-25T11:46:07+08:00 ] ERR: (ThinkException) 非法操作:images1
[ 2014-02-25T11:46:07+08:00 ] ERR: (ThinkException) 非法操作:images1
[ 2014-02-25T11:47:08+08:00 ] ERR: (ThinkException) 非法操作:images1
[ 2014-02-25T11:47:08+08:00 ] ERR: (ThinkException) 非法操作:images1
[ 2014-02-25T11:47:31+08:00 ] ERR: (ThinkException) 非法操作:images1
[ 2014-02-25T11:47:31+08:00 ] ERR: (ThinkException) 非法操作:images1
[ 2014-02-25T11:48:11+08:00 ] ERR: (ThinkException) 非法操作:images1
[ 2014-02-25T11:48:11+08:00 ] ERR: (ThinkException) 非法操作:images1
[ 2014-02-25T11:48:49+08:00 ] ERR: (ThinkException) 非法操作:images1
[ 2014-02-25T11:48:49+08:00 ] ERR: (ThinkException) 非法操作:images1
[ 2014-02-25T11:50:44+08:00 ] ERR: (ThinkException) 非法操作:images1
[ 2014-02-25T11:50:44+08:00 ] ERR: (ThinkException) 非法操作:images1
[ 2014-02-25T11:50:48+08:00 ] ERR: (ThinkException) 非法操作:images1
[ 2014-02-25T11:50:48+08:00 ] ERR: (ThinkException) 非法操作:images1
[ 2014-02-25T11:50:49+08:00 ] ERR: (ThinkException) 非法操作:images1
[ 2014-02-25T11:50:49+08:00 ] ERR: (ThinkException) 非法操作:images1
[ 2014-02-25T11:50:49+08:00 ] ERR: (ThinkException) 非法操作:images1
[ 2014-02-25T11:50:49+08:00 ] ERR: (ThinkException) 非法操作:images1
[ 2014-02-25T11:51:41+08:00 ] ERR: (ThinkException) 非法操作:images1
[ 2014-02-25T11:51:41+08:00 ] ERR: (ThinkException) 非法操作:images1
[ 2014-02-25T11:52:27+08:00 ] ERR: (ThinkException) 非法操作:images1
[ 2014-02-25T11:52:27+08:00 ] ERR: (ThinkException) 非法操作:images1
[ 2014-02-25T12:00:44+08:00 ] ERR: (ThinkException) 非法操作:__PUBLIC
[ 2014-02-25T12:00:44+08:00 ] ERR: (ThinkException) 非法操作:images1
[ 2014-02-25T12:00:47+08:00 ] ERR: (ThinkException) 非法操作:__PUBLIC
[ 2014-02-25T12:00:47+08:00 ] ERR: (ThinkException) 非法操作:images1
[ 2014-02-25T12:00:48+08:00 ] ERR: (ThinkException) 非法操作:__PUBLIC
[ 2014-02-25T12:00:48+08:00 ] ERR: (ThinkException) 非法操作:images1
[ 2014-02-25T12:00:48+08:00 ] ERR: (ThinkException) 非法操作:images1
[ 2014-02-25T12:00:48+08:00 ] ERR: (ThinkException) 非法操作:__PUBLIC
[ 2014-02-25T12:01:38+08:00 ] ERR: (ThinkException) 非法操作:__PUBLIC
[ 2014-02-25T12:01:38+08:00 ] ERR: (ThinkException) 非法操作:images1
[ 2014-02-25T12:03:27+08:00 ] ERR: (ThinkException) 非法操作:__PUBLIC
[ 2014-02-25T12:03:27+08:00 ] ERR: (ThinkException) 非法操作:__PUBLIC
[ 2014-02-25T13:08:25+08:00 ] ERR: (ThinkException) 非法操作:__PUBLIC
[ 2014-02-25T13:08:25+08:00 ] ERR: (ThinkException) 非法操作:__PUBLIC
[ 2014-02-25T13:08:27+08:00 ] ERR: (ThinkException) 非法操作:__PUBLIC
[ 2014-02-25T13:08:27+08:00 ] ERR: (ThinkException) 非法操作:__PUBLIC
[ 2014-02-25T13:08:28+08:00 ] ERR: (ThinkException) 非法操作:__PUBLIC
[ 2014-02-25T13:08:28+08:00 ] ERR: (ThinkException) 非法操作:__PUBLIC
[ 2014-02-25T13:08:29+08:00 ] ERR: (ThinkException) 非法操作:__PUBLIC
[ 2014-02-25T13:08:29+08:00 ] ERR: (ThinkException) 非法操作:__PUBLIC
[ 2014-02-25T13:09:35+08:00 ] ERR: (ThinkException) 非法操作:__PUBLIC
[ 2014-02-25T13:09:35+08:00 ] ERR: (ThinkException) 非法操作:__PUBLIC
[ 2014-02-25T13:09:38+08:00 ] ERR: (ThinkException) 非法操作:__PUBLIC
[ 2014-02-25T13:09:38+08:00 ] ERR: (ThinkException) 非法操作:__PUBLIC
[ 2014-02-25T13:09:40+08:00 ] ERR: (ThinkException) 非法操作:__PUBLIC
[ 2014-02-25T13:09:40+08:00 ] ERR: (ThinkException) 非法操作:__PUBLIC
[ 2014-02-25T13:10:34+08:00 ] ERR: (ThinkException) 非法操作:Index
[ 2014-02-25T13:10:36+08:00 ] ERR: (ThinkException) 非法操作:__PUBLIC
[ 2014-02-25T13:10:36+08:00 ] ERR: (ThinkException) 非法操作:__PUBLIC
[ 2014-02-25T13:11:19+08:00 ] ERR: (ThinkException) 非法操作:__PUBLIC
[ 2014-02-25T13:11:19+08:00 ] ERR: (ThinkException) 非法操作:__PUBLIC
[ 2014-02-25T13:11:42+08:00 ] ERR: (ThinkException) 非法操作:__PUBLIC
[ 2014-02-25T13:11:42+08:00 ] ERR: (ThinkException) 非法操作:__PUBLIC
[ 2014-02-25T13:11:45+08:00 ] ERR: (ThinkException) 非法操作:__PUBLIC
[ 2014-02-25T13:11:45+08:00 ] ERR: (ThinkException) 非法操作:__PUBLIC
[ 2014-02-25T13:11:54+08:00 ] ERR: (ThinkException) 非法操作:__PUBLIC
[ 2014-02-25T13:11:54+08:00 ] ERR: (ThinkException) 非法操作:__PUBLIC
[ 2014-02-25T13:12:26+08:00 ] ERR: (ThinkException) 非法操作:__PUBLIC
[ 2014-02-25T13:12:26+08:00 ] ERR: (ThinkException) 非法操作:__PUBLIC
[ 2014-02-25T13:38:53+08:00 ] ERR: (ThinkException) 非法操作:pswdxiugai
[ 2014-02-25T14:51:26+08:00 ] ERR: (ThinkException) 非法操作:images1
[ 2014-02-25T14:51:26+08:00 ] ERR: (ThinkException) 非法操作:images1
[ 2014-02-25T14:51:26+08:00 ] ERR: (ThinkException) 非法操作:images1
[ 2014-02-25T14:53:29+08:00 ] ERR: (ThinkException) 非法操作:images1
[ 2014-02-25T14:53:29+08:00 ] ERR: (ThinkException) 非法操作:images1
[ 2014-02-25T14:54:44+08:00 ] ERR: (ThinkException) 非法操作:images1
[ 2014-02-25T14:54:44+08:00 ] ERR: (ThinkException) 非法操作:images1
[ 2014-02-25T14:56:10+08:00 ] ERR: (ThinkException) 非法操作:images1
[ 2014-02-25T14:56:10+08:00 ] ERR: (ThinkException) 非法操作:images1
[ 2014-02-25T14:56:30+08:00 ] ERR: (ThinkException) 非法操作:images1
[ 2014-02-25T14:56:30+08:00 ] ERR: (ThinkException) 非法操作:images1
[ 2014-02-25T14:57:02+08:00 ] ERR: (ThinkException) 非法操作:images1
[ 2014-02-25T14:57:02+08:00 ] ERR: (ThinkException) 非法操作:images1
[ 2014-02-25T14:58:28+08:00 ] ERR: (ThinkException) 非法操作:images1
[ 2014-02-25T14:58:28+08:00 ] ERR: (ThinkException) 非法操作:images1
[ 2014-02-25T14:59:00+08:00 ] ERR: (ThinkException) 非法操作:images1
[ 2014-02-25T14:59:00+08:00 ] ERR: (ThinkException) 非法操作:images1
[ 2014-02-25T14:59:50+08:00 ] ERR: (ThinkException) 非法操作:images1
[ 2014-02-25T14:59:50+08:00 ] ERR: (ThinkException) 非法操作:images1
[ 2014-02-25T15:01:29+08:00 ] ERR: (ThinkException) 非法操作:pswdxiugai
[ 2014-02-25T15:01:30+08:00 ] ERR: (ThinkException) 非法操作:images1
[ 2014-02-25T15:01:30+08:00 ] ERR: (ThinkException) 非法操作:images1
[ 2014-02-25T15:13:29+08:00 ] ERR: (ThinkException) 非法操作:images1
[ 2014-02-25T15:13:29+08:00 ] ERR: (ThinkException) 非法操作:images1
[ 2014-02-25T15:16:10+08:00 ] ERR: (ThinkException) 非法操作:images1
[ 2014-02-25T15:16:10+08:00 ] ERR: (ThinkException) 非法操作:images1
[ 2014-02-25T15:27:47+08:00 ] ERR: (ThinkException) 非法操作:images1
[ 2014-02-25T15:27:47+08:00 ] ERR: (ThinkException) 非法操作:images1
[ 2014-02-25T15:27:49+08:00 ] ERR: (ThinkException) 非法操作:images1
[ 2014-02-25T15:27:49+08:00 ] ERR: (ThinkException) 非法操作:images1
[ 2014-02-25T15:28:31+08:00 ] ERR: (ThinkException) 非法操作:images1
[ 2014-02-25T15:28:31+08:00 ] ERR: (ThinkException) 非法操作:images1
[ 2014-02-25T15:28:35+08:00 ] ERR: (ThinkException) 非法操作:images1
[ 2014-02-25T15:28:35+08:00 ] ERR: (ThinkException) 非法操作:images1
[ 2014-02-25T15:31:22+08:00 ] ERR: (ThinkException) 非法操作:images1
[ 2014-02-25T15:31:22+08:00 ] ERR: (ThinkException) 非法操作:images1
[ 2014-02-25T15:31:24+08:00 ] ERR: (ThinkException) 非法操作:images1
[ 2014-02-25T15:31:24+08:00 ] ERR: (ThinkException) 非法操作:images1
[ 2014-02-25T15:31:27+08:00 ] ERR: (ThinkException) 非法操作:images1
[ 2014-02-25T15:31:27+08:00 ] ERR: (ThinkException) 非法操作:images1
[ 2014-02-25T15:34:26+08:00 ] ERR: (ThinkException) 非法操作:images1
[ 2014-02-25T15:34:26+08:00 ] ERR: (ThinkException) 非法操作:images1
[ 2014-02-25T15:34:27+08:00 ] ERR: (ThinkException) 非法操作:images1
[ 2014-02-25T15:34:27+08:00 ] ERR: (ThinkException) 非法操作:images1
[ 2014-02-25T15:35:26+08:00 ] ERR: (ThinkException) 非法操作:images1
[ 2014-02-25T15:35:26+08:00 ] ERR: (ThinkException) 非法操作:images1
[ 2014-02-25T15:35:38+08:00 ] ERR: (ThinkException) 非法操作:images1
[ 2014-02-25T15:35:38+08:00 ] ERR: (ThinkException) 非法操作:images1
[ 2014-02-25T15:36:21+08:00 ] ERR: (ThinkException) 非法操作:images1
[ 2014-02-25T15:36:21+08:00 ] ERR: (ThinkException) 非法操作:images1
[ 2014-02-25T15:36:26+08:00 ] ERR: (ThinkException) 非法操作:images1
[ 2014-02-25T15:36:26+08:00 ] ERR: (ThinkException) 非法操作:images1
[ 2014-02-25T15:39:50+08:00 ] ERR: (ThinkException) 非法操作:images1
[ 2014-02-25T15:39:50+08:00 ] ERR: (ThinkException) 非法操作:images1
[ 2014-02-25T15:40:41+08:00 ] ERR: (ThinkException) 非法操作:images1
[ 2014-02-25T15:40:41+08:00 ] ERR: (ThinkException) 非法操作:images1
[ 2014-02-25T15:43:33+08:00 ] ERR: (ThinkException) 非法操作:images1
[ 2014-02-25T15:43:33+08:00 ] ERR: (ThinkException) 非法操作:images1
[ 2014-02-25T15:43:42+08:00 ] ERR: (ThinkException) 非法操作:images1
[ 2014-02-25T15:43:42+08:00 ] ERR: (ThinkException) 非法操作:images1
[ 2014-02-25T15:44:01+08:00 ] ERR: (ThinkException) 非法操作:images1
[ 2014-02-25T15:44:01+08:00 ] ERR: (ThinkException) 非法操作:images1
[ 2014-02-25T15:46:11+08:00 ] ERR: (ThinkException) 非法操作:images1
[ 2014-02-25T15:46:11+08:00 ] ERR: (ThinkException) 非法操作:images1
[ 2014-02-25T15:46:25+08:00 ] ERR: (ThinkException) 非法操作:images1
[ 2014-02-25T15:46:25+08:00 ] ERR: (ThinkException) 非法操作:images1
[ 2014-02-25T15:50:11+08:00 ] ERR: (ThinkException) 非法操作:images1
[ 2014-02-25T15:50:11+08:00 ] ERR: (ThinkException) 非法操作:images1
[ 2014-02-25T15:50:25+08:00 ] ERR: (ThinkException) 非法操作:images1
[ 2014-02-25T15:50:25+08:00 ] ERR: (ThinkException) 非法操作:images1
[ 2014-02-25T15:54:38+08:00 ] ERR: (ThinkException) 非法操作:images1
[ 2014-02-25T15:54:38+08:00 ] ERR: (ThinkException) 非法操作:images1
[ 2014-02-25T15:55:55+08:00 ] ERR: (ThinkException) 非法操作:images1
[ 2014-02-25T15:55:55+08:00 ] ERR: (ThinkException) 非法操作:images1
[ 2014-02-25T16:01:43+08:00 ] ERR: (ThinkException) 非法操作:images1
[ 2014-02-25T16:01:43+08:00 ] ERR: (ThinkException) 非法操作:images1
[ 2014-02-25T16:04:12+08:00 ] ERR: (ThinkException) 非法操作:images1
[ 2014-02-25T16:04:12+08:00 ] ERR: (ThinkException) 非法操作:images1
[ 2014-02-25T16:04:40+08:00 ] ERR: (ThinkException) 非法操作:images1
[ 2014-02-25T16:04:40+08:00 ] ERR: (ThinkException) 非法操作:images1
[ 2014-02-25T16:09:23+08:00 ] ERR: (ThinkException) 非法操作:images1
[ 2014-02-25T16:09:23+08:00 ] ERR: (ThinkException) 非法操作:images1
[ 2014-02-25T16:15:42+08:00 ] ERR: (ThinkException) 非法操作:images1
[ 2014-02-25T16:15:42+08:00 ] ERR: (ThinkException) 非法操作:images1
[ 2014-02-25T16:16:56+08:00 ] ERR: (ThinkException) 非法操作:images1
[ 2014-02-25T16:16:56+08:00 ] ERR: (ThinkException) 非法操作:images1
[ 2014-02-25T16:17:08+08:00 ] ERR: (ThinkException) 非法操作:images1
[ 2014-02-25T16:17:08+08:00 ] ERR: (ThinkException) 非法操作:images1
[ 2014-02-25T16:21:23+08:00 ] ERR: (ThinkException) 非法操作:images1
[ 2014-02-25T16:21:23+08:00 ] ERR: (ThinkException) 非法操作:images1
[ 2014-02-25T16:21:29+08:00 ] ERR: (ThinkException) 非法操作:images1
[ 2014-02-25T16:21:29+08:00 ] ERR: (ThinkException) 非法操作:images1
[ 2014-02-25T16:27:23+08:00 ] ERR: (ThinkException) 非法操作:images1
[ 2014-02-25T16:27:23+08:00 ] ERR: (ThinkException) 非法操作:images1
[ 2014-02-25T16:29:52+08:00 ] ERR: (ThinkException) 非法操作:images1
[ 2014-02-25T16:29:52+08:00 ] ERR: (ThinkException) 非法操作:images1
[ 2014-02-25T16:30:02+08:00 ] ERR: (ThinkException) 非法操作:images1
[ 2014-02-25T16:30:02+08:00 ] ERR: (ThinkException) 非法操作:images1
[ 2014-02-25T16:31:19+08:00 ] ERR: (ThinkException) 非法操作:images1
[ 2014-02-25T16:31:19+08:00 ] ERR: (ThinkException) 非法操作:images1
[ 2014-02-25T16:31:36+08:00 ] ERR: (ThinkException) 非法操作:images1
[ 2014-02-25T16:31:36+08:00 ] ERR: (ThinkException) 非法操作:images1
[ 2014-02-25T16:32:03+08:00 ] ERR: (ThinkException) 非法操作:images1
[ 2014-02-25T16:32:03+08:00 ] ERR: (ThinkException) 非法操作:images1
[ 2014-02-25T16:32:15+08:00 ] ERR: (ThinkException) 非法操作:images1
[ 2014-02-25T16:32:15+08:00 ] ERR: (ThinkException) 非法操作:images1
