[ 2014-02-17T14:14:49+08:00 ] ERR: (ThinkException) 模板不存在[./Home/Tpl/Login/Index/index.html]
[ 2014-02-17T14:15:08+08:00 ] ERR: (ThinkException) 模板不存在[./Home/Tpl/Login/Index/index.html]
[ 2014-02-17T14:16:23+08:00 ] ERR: (ThinkException) 模板不存在[./Home/Tpl/Login/Index/index.html]
[ 2014-02-17T14:19:03+08:00 ] ERR: (ThinkException) 模板不存在[./Home/Tpl/Login/Index/index.html]
[ 2014-02-17T14:27:33+08:00 ] ERR: (ThinkException) 模板不存在[./Home/Tpl/Login/Index/index.html]
[ 2014-02-17T14:28:08+08:00 ] ERR: (ThinkException) 模板不存在[./Home/Tpl/Login/Index/index.html]
[ 2014-02-17T14:28:54+08:00 ] ERR: (ThinkException) 模板不存在[./Home/Tpl/Login/Index/index.html]
[ 2014-02-17T14:32:25+08:00 ] ERR: (ThinkException) 无法加载模块:ruanjian
[ 2014-02-17T14:32:44+08:00 ] ERR: (ThinkException) 模板不存在[./Home/Tpl/Login/Index/index.html]
[ 2014-02-17T14:36:03+08:00 ] ERR: (ThinkException) 模板不存在[./Home/Tpl/Login/Index/index.html]
[ 2014-02-17T14:36:17+08:00 ] ERR: (ThinkException) 模板不存在[./Home/Tpl/Login/Index/index.html]
[ 2014-02-17T15:42:01+08:00 ] ERR: (ThinkException) 模板不存在[./Home/Tpl/Login/Index/index.html]
[ 2014-02-17T15:47:27+08:00 ] ERR: (ThinkException) 模板不存在[./Home/Tpl/Login/Index/index.html]
[ 2014-02-17T15:51:34+08:00 ] ERR: (ThinkException) 模板不存在[./Home/Tpl/Login/__APP__/Index/index.html]
[ 2014-02-17T16:31:30+08:00 ] ERR: (ThinkException) 模板不存在[./Home/Tpl/Index/Index.html]
[ 2014-02-17T16:32:10+08:00 ] ERR: (ThinkException) 模板不存在[./Home/Tpl/Index/Index.html]
[ 2014-02-17T17:08:39+08:00 ] ERR: (ThinkException) 无法加载模块:ruanjian
[ 2014-02-17T17:08:45+08:00 ] ERR: (ThinkException) 无法加载模块:shijianjiaoxuedagang
[ 2014-02-17T17:08:50+08:00 ] ERR: (ThinkException) 无法加载模块:shijianjiaoxuedagang
[ 2014-02-17T17:08:56+08:00 ] ERR: (ThinkException) 非法操作:jiaoxuefangfa
[ 2014-02-17T17:09:23+08:00 ] ERR: (ThinkException) 非法操作:jiaoxuefangfa
[ 2014-02-17T17:09:28+08:00 ] ERR: (ThinkException) 非法操作:jiaoxuefangfa
[ 2014-02-17T17:12:54+08:00 ] ERR: (ThinkException) 非法操作:jiaoxuefangfa
[ 2014-02-17T17:12:57+08:00 ] ERR: (ThinkException) 无法加载模块:shijianjiaoxuedagang
[ 2014-02-17T17:13:06+08:00 ] ERR: (ThinkException) 无法加载模块:shijianjiaoxuedagang
[ 2014-02-17T17:13:18+08:00 ] ERR: (ThinkException) 无法加载模块:shijianjiaoxuedagang
[ 2014-02-17T17:13:21+08:00 ] ERR: (ThinkException) 非法操作:jiaoxuefangfa
[ 2014-02-17T17:13:26+08:00 ] ERR: (ThinkException) 无法加载模块:ruanjian
