[ 2014-02-23T10:45:23+08:00 ] ERR: (ThinkException) 非法操作:bjl
[ 2014-02-23T10:49:01+08:00 ] ERR: (ThinkException) 非法操作:bjl
[ 2014-02-23T13:38:03+08:00 ] ERR: (ThinkException) XML标签语法错误
[ 2014-02-23T13:38:08+08:00 ] ERR: (ThinkException) XML标签语法错误
[ 2014-02-23T13:41:09+08:00 ] ERR: (ThinkException) 无法加载模块:tuozhan
[ 2014-02-23T13:59:41+08:00 ] ERR: (ThinkException) 无法加载模块:jiaoxueshipin
[ 2014-02-23T14:02:56+08:00 ] ERR: (ThinkException) 非法操作:index
[ 2014-02-23T14:03:11+08:00 ] ERR: (ThinkException) 非法操作:Index
[ 2014-02-23T14:05:37+08:00 ] ERR: (ThinkException) 非法操作:ziyuan
[ 2014-02-23T14:30:18+08:00 ] ERR: (ThinkException) 无法加载模块:jiaoxueshipin
[ 2014-02-23T14:37:28+08:00 ] ERR: (ThinkException) 非法操作:tips1
[ 2014-02-23T14:37:28+08:00 ] ERR: (ThinkException) 非法操作:tips2
[ 2014-02-23T14:37:28+08:00 ] ERR: (ThinkException) 非法操作:hfmdiy-6th
[ 2014-02-23T14:39:50+08:00 ] ERR: (ThinkException) 非法操作:tips1
[ 2014-02-23T14:39:50+08:00 ] ERR: (ThinkException) 非法操作:tips2
[ 2014-02-23T14:39:50+08:00 ] ERR: (ThinkException) 非法操作:hfmdiy-6th
[ 2014-02-23T14:39:57+08:00 ] ERR: (ThinkException) 非法操作:video
[ 2014-02-23T14:40:52+08:00 ] ERR: (ThinkException) 非法操作:tips1
[ 2014-02-23T14:40:52+08:00 ] ERR: (ThinkException) 非法操作:tips2
[ 2014-02-23T14:40:52+08:00 ] ERR: (ThinkException) 非法操作:hfmdiy-6th
[ 2014-02-23T14:42:09+08:00 ] ERR: (ThinkException) 非法操作:tips1
[ 2014-02-23T14:42:09+08:00 ] ERR: (ThinkException) 非法操作:tips2
[ 2014-02-23T14:42:09+08:00 ] ERR: (ThinkException) 非法操作:hfmdiy-6th
[ 2014-02-23T14:42:30+08:00 ] ERR: (ThinkException) 非法操作:tips1
[ 2014-02-23T14:42:30+08:00 ] ERR: (ThinkException) 非法操作:tips2
[ 2014-02-23T14:42:30+08:00 ] ERR: (ThinkException) 非法操作:hfmdiy-6th
[ 2014-02-23T14:43:31+08:00 ] ERR: (ThinkException) 非法操作:tips1
[ 2014-02-23T14:43:31+08:00 ] ERR: (ThinkException) 非法操作:tips2
[ 2014-02-23T14:46:01+08:00 ] ERR: (ThinkException) 非法操作:tips1
[ 2014-02-23T14:54:24+08:00 ] ERR: (ThinkException) 非法操作:video
